# JRE version: OpenJDK Runtime Environment (8.0_242-b01) (build 1.8.0_242-release-1644-b01)
# Java VM: OpenJDK 64-Bit Server VM (25.242-b01 mixed mode windows-amd64 compressed oops)
Heap:
 PSYoungGen      total 224768K, used 168548K [0x00000000e0000000, 0x00000000f1200000, 0x0000000100000000)
  eden space 203264K, 79% used [0x00000000e0000000,0x00000000e9dd1350,0x00000000ec680000)
  from space 21504K, 32% used [0x00000000ec680000,0x00000000ecd48000,0x00000000edb80000)
  to   space 20992K, 0% used [0x00000000efd80000,0x00000000efd80000,0x00000000f1200000)
 ParOldGen       total 110592K, used 74974K [0x00000000a0000000, 0x00000000a6c00000, 0x00000000e0000000)
  object space 110592K, 67% used [0x00000000a0000000,0x00000000a4937970,0x00000000a6c00000)
 Metaspace       used 95409K, capacity 101148K, committed 101528K, reserved 1136640K
  class space    used 12330K, capacity 13343K, committed 13488K, reserved 1048576K
GC Heap History (10 events):
Event: 7366.602 GC heap before
{Heap before GC invocations=79 (full 6):
 PSYoungGen      total 165376K, used 151552K [0x00000000e0000000, 0x00000000ebe80000, 0x0000000100000000)
  eden space 151552K, 100% used [0x00000000e0000000,0x00000000e9400000,0x00000000e9400000)
  from space 13824K, 0% used [0x00000000ea700000,0x00000000ea700000,0x00000000eb480000)
  to   space 19456K, 0% used [0x00000000e9400000,0x00000000e9400000,0x00000000ea700000)
 ParOldGen       total 110592K, used 64281K [0x00000000a0000000, 0x00000000a6c00000, 0x00000000e0000000)
  object space 110592K, 58% used [0x00000000a0000000,0x00000000a3ec6428,0x00000000a6c00000)
 Metaspace       used 93804K, capacity 99328K, committed 100248K, reserved 1136640K
  class space    used 12270K, capacity 13259K, committed 13488K, reserved 1048576K
Event: 7367.726 GC heap after
Heap after GC invocations=79 (full 6):
 PSYoungGen      total 171008K, used 7924K [0x00000000e0000000, 0x00000000ece80000, 0x0000000100000000)
  eden space 151552K, 0% used [0x00000000e0000000,0x00000000e0000000,0x00000000e9400000)
  from space 19456K, 40% used [0x00000000e9400000,0x00000000e9bbd240,0x00000000ea700000)
  to   space 18432K, 0% used [0x00000000ebc80000,0x00000000ebc80000,0x00000000ece80000)
 ParOldGen       total 110592K, used 64289K [0x00000000a0000000, 0x00000000a6c00000, 0x00000000e0000000)
  object space 110592K, 58% used [0x00000000a0000000,0x00000000a3ec8428,0x00000000a6c00000)
 Metaspace       used 93804K, capacity 99328K, committed 100248K, reserved 1136640K
  class space    used 12270K, capacity 13259K, committed 13488K, reserved 1048576K
}
Event: 7405.606 GC heap before
{Heap before GC invocations=80 (full 6):
 PSYoungGen      total 171008K, used 159476K [0x00000000e0000000, 0x00000000ece80000, 0x0000000100000000)
  eden space 151552K, 100% used [0x00000000e0000000,0x00000000e9400000,0x00000000e9400000)
  from space 19456K, 40% used [0x00000000e9400000,0x00000000e9bbd240,0x00000000ea700000)
  to   space 18432K, 0% used [0x00000000ebc80000,0x00000000ebc80000,0x00000000ece80000)
 ParOldGen       total 110592K, used 64289K [0x00000000a0000000, 0x00000000a6c00000, 0x00000000e0000000)
  object space 110592K, 58% used [0x00000000a0000000,0x00000000a3ec8428,0x00000000a6c00000)
 Metaspace       used 93940K, capacity 99472K, committed 100248K, reserved 1136640K
  class space    used 12275K, capacity 13261K, committed 13488K, reserved 1048576K
Event: 7405.911 GC heap after
Heap after GC invocations=80 (full 6):
 PSYoungGen      total 190976K, used 9588K [0x00000000e0000000, 0x00000000ecd00000, 0x0000000100000000)
  eden space 174080K, 0% used [0x00000000e0000000,0x00000000e0000000,0x00000000eaa00000)
  from space 16896K, 56% used [0x00000000ebc80000,0x00000000ec5dd250,0x00000000ecd00000)
  to   space 17920K, 0% used [0x00000000eaa00000,0x00000000eaa00000,0x00000000ebb80000)
 ParOldGen       total 110592K, used 65220K [0x00000000a0000000, 0x00000000a6c00000, 0x00000000e0000000)
  object space 110592K, 58% used [0x00000000a0000000,0x00000000a3fb1180,0x00000000a6c00000)
 Metaspace       used 93940K, capacity 99472K, committed 100248K, reserved 1136640K
  class space    used 12275K, capacity 13261K, committed 13488K, reserved 1048576K
}
Event: 7415.839 GC heap before
{Heap before GC invocations=81 (full 6):
 PSYoungGen      total 190976K, used 183668K [0x00000000e0000000, 0x00000000ecd00000, 0x0000000100000000)
  eden space 174080K, 100% used [0x00000000e0000000,0x00000000eaa00000,0x00000000eaa00000)
  from space 16896K, 56% used [0x00000000ebc80000,0x00000000ec5dd250,0x00000000ecd00000)
  to   space 17920K, 0% used [0x00000000eaa00000,0x00000000eaa00000,0x00000000ebb80000)
 ParOldGen       total 110592K, used 65220K [0x00000000a0000000, 0x00000000a6c00000, 0x00000000e0000000)
  object space 110592K, 58% used [0x00000000a0000000,0x00000000a3fb1180,0x00000000a6c00000)
 Metaspace       used 94661K, capacity 100208K, committed 101016K, reserved 1136640K
  class space    used 12284K, capacity 13273K, committed 13488K, reserved 1048576K
Event: 7416.986 GC heap after
Heap after GC invocations=81 (full 6):
 PSYoungGen      total 192000K, used 12531K [0x00000000e0000000, 0x00000000eee00000, 0x0000000100000000)
  eden space 174080K, 0% used [0x00000000e0000000,0x00000000e0000000,0x00000000eaa00000)
  from space 17920K, 69% used [0x00000000eaa00000,0x00000000eb63cfa8,0x00000000ebb80000)
  to   space 18944K, 0% used [0x00000000edb80000,0x00000000edb80000,0x00000000eee00000)
 ParOldGen       total 110592K, used 71853K [0x00000000a0000000, 0x00000000a6c00000, 0x00000000e0000000)
  object space 110592K, 64% used [0x00000000a0000000,0x00000000a462b7d8,0x00000000a6c00000)
 Metaspace       used 94661K, capacity 100208K, committed 101016K, reserved 1136640K
  class space    used 12284K, capacity 13273K, committed 13488K, reserved 1048576K
}
Event: 7541.040 GC heap before
{Heap before GC invocations=82 (full 6):
 PSYoungGen      total 192000K, used 186611K [0x00000000e0000000, 0x00000000eee00000, 0x0000000100000000)
  eden space 174080K, 100% used [0x00000000e0000000,0x00000000eaa00000,0x00000000eaa00000)
  from space 17920K, 69% used [0x00000000eaa00000,0x00000000eb63cfa8,0x00000000ebb80000)
  to   space 18944K, 0% used [0x00000000edb80000,0x00000000edb80000,0x00000000eee00000)
 ParOldGen       total 110592K, used 71853K [0x00000000a0000000, 0x00000000a6c00000, 0x00000000e0000000)
  object space 110592K, 64% used [0x00000000a0000000,0x00000000a462b7d8,0x00000000a6c00000)
 Metaspace       used 95211K, capacity 100922K, committed 101272K, reserved 1136640K
  class space    used 12327K, capacity 13338K, committed 13488K, reserved 1048576K
Event: 7541.335 GC heap after
Heap after GC invocations=82 (full 6):
 PSYoungGen      total 222208K, used 18706K [0x00000000e0000000, 0x00000000ef200000, 0x0000000100000000)
  eden space 203264K, 0% used [0x00000000e0000000,0x00000000e0000000,0x00000000ec680000)
  from space 18944K, 98% used [0x00000000edb80000,0x00000000eedc4bb0,0x00000000eee00000)
  to   space 21504K, 0% used [0x00000000ec680000,0x00000000ec680000,0x00000000edb80000)
 ParOldGen       total 110592K, used 72869K [0x00000000a0000000, 0x00000000a6c00000, 0x00000000e0000000)
  object space 110592K, 65% used [0x00000000a0000000,0x00000000a47297a8,0x00000000a6c00000)
 Metaspace       used 95211K, capacity 100922K, committed 101272K, reserved 1136640K
  class space    used 12327K, capacity 13338K, committed 13488K, reserved 1048576K
}
Event: 7622.082 GC heap before
{Heap before GC invocations=83 (full 6):
 PSYoungGen      total 222208K, used 221970K [0x00000000e0000000, 0x00000000ef200000, 0x0000000100000000)
  eden space 203264K, 100% used [0x00000000e0000000,0x00000000ec680000,0x00000000ec680000)
  from space 18944K, 98% used [0x00000000edb80000,0x00000000eedc4bb0,0x00000000eee00000)
  to   space 21504K, 0% used [0x00000000ec680000,0x00000000ec680000,0x00000000edb80000)
 ParOldGen       total 110592K, used 72869K [0x00000000a0000000, 0x00000000a6c00000, 0x00000000e0000000)
  object space 110592K, 65% used [0x00000000a0000000,0x00000000a47297a8,0x00000000a6c00000)
 Metaspace       used 95333K, capacity 101056K, committed 101528K, reserved 1136640K
  class space    used 12328K, capacity 13339K, committed 13488K, reserved 1048576K
Event: 7622.397 GC heap after
Heap after GC invocations=83 (full 6):
 PSYoungGen      total 224768K, used 6944K [0x00000000e0000000, 0x00000000f1200000, 0x0000000100000000)
  eden space 203264K, 0% used [0x00000000e0000000,0x00000000e0000000,0x00000000ec680000)
  from space 21504K, 32% used [0x00000000ec680000,0x00000000ecd48000,0x00000000edb80000)
  to   space 20992K, 0% used [0x00000000efd80000,0x00000000efd80000,0x00000000f1200000)
 ParOldGen       total 110592K, used 74974K [0x00000000a0000000, 0x00000000a6c00000, 0x00000000e0000000)
  object space 110592K, 67% used [0x00000000a0000000,0x00000000a4937970,0x00000000a6c00000)
 Metaspace       used 95333K, capacity 101056K, committed 101528K, reserved 1136640K
  class space    used 12328K, capacity 13339K, committed 13488K, reserved 1048576K
}

